1237652946382749732;-99.0;-99.0;179.36300905982904
1237652946386092135;-99.0;-99.0;222.92259697435898
1237653651843448852;-99.0;-99.0;133.24109244444443
1237670955177082930;-99.0;-99.0;137.51164027920225
1237666407381467182;-99.0;-99.0;95.66027149857548
1237653472514605178;-99.0;-99.0;229.7554735099715
1237662499469721670;-99.0;-99.0;286.5537597122507
1237652900231643201;-99.0;-99.0;52.52773836752136
1237661055281725850;-99.0;-99.0;75.16164189173789
1237664837535858925;-99.0;-99.0;50.81951923361823
1237667107962880058;-99.0;-99.0;66.62054622222222
1237663789574586519;-99.0;-99.0;55.51712185185185
1237657775009366084;-99.0;-99.0;48.25719053276352
1237664105776676974;-99.0;-99.0;72.5993131908832
1237664880488677655;-99.0;-99.0;641.009229997151
1237667429559500919;-99.0;-99.0;53.80890271794871
1237660585516007475;-99.0;-99.0;77.7239705925926
1237664668970057805;-99.0;-99.0;73.02636797435898
1237651272959197261;-99.0;-99.0;490.68594621367515
1237660637072130085;-99.0;-99.0;93.52499758119657
1237655465912762624;-99.0;-99.0;67.047601005698
1237660613437685790;-99.0;-99.0;90.1085593133903
1237661352167407673;-99.0;-99.0;212.24622738746436
1237657590857269382;-99.0;-99.0;82.84862799430199
1237667735041474588;-99.0;-99.0;128.11643504273502
1237667446727770265;-99.0;-99.0;47.40308096581197
1237668623547957367;-99.0;-99.0;93.52499758119657
1237661813886222851;-99.0;-99.0;213.52739173789175
1237661972796997669;-99.0;-99.0;526.558548025641
1237661811739525358;-99.0;-99.0;1232.9071598945868
1237661817632588332;-99.0;-99.0;406.55615386894584
1237665331465027589;-99.0;-99.0;185.76883081196578
1237654600483209531;-99.0;-99.0;436.87704349572647
1237661387606458476;-99.0;-99.0;48.25719053276352
1237665180061335571;-99.0;-99.0;275.4503353418803
1237648702984093714;-99.0;-99.0;98.64965498290597
1237665566611669257;-99.0;-99.0;70.46403927350427
1237661387075747907;-99.0;-99.0;147.76095508262108
1237651822707081242;-99.0;-99.0;582.0756698774928
1237662307810213986;-99.0;-99.0;143.06335246438746
1237659326565777565;-99.0;-99.0;143.06335246438746
1237656242233409639;-99.0;-99.0;112.31540805413104
1237653438155128872;-99.0;-99.0;200.7157482336182
1237660962934227027;-99.0;-99.0;201.5698578005698
1237668348668936416;-99.0;-99.0;110.6071889202279
1237659163343651019;-99.0;-99.0;331.82156676068377
1237652630713860235;-99.0;-99.0;333.5297858945869
1237651753464627412;-99.0;-99.0;119.57533937321935
1237670955177738275;-99.0;-99.0;205.8404056353276
1237655744013140182;-99.0;-99.0;357.01779898575495
1237652900210671729;-99.0;-99.0;320.7181423903134
1237648704602308731;-99.0;-99.0;257.94108921937317
1237648703528567015;-99.0;-99.0;260.5034179202279
1237652900760322059;-99.0;-99.0;221.6414326239316
1237673700205854757;-99.0;-99.0;134.5222567948718
1237656537515753526;-99.0;-99.0;355.3095798518518
1237652946377703545;-99.0;-99.0;185.76883081196578
1237665097393963129;-99.0;-99.0;212.67328217094013
1237653612652331247;-99.0;-99.0;329.25923805982904
1237661968497705008;-99.0;-99.0;562.4311498376069
1237651823246573749;-99.0;-99.0;119.57533937321935
1237652629643002075;-99.0;-99.0;247.26471963247863
1237652900750622925;-99.0;-99.0;74.30753232478631
1237652599037362227;-99.0;-99.0;362.5695111709402
1237652630716416030;-99.0;-99.0;190.89348821367517
1237653441911783598;-99.0;-99.0;288.2619788461538
1237652600111366304;-99.0;-99.0;277.58560925925923
1237652901835374725;-99.0;-99.0;329.68629284330484
1237653471443419140;-99.0;-99.0;132.81403766096867
1237666211421814877;-99.0;-99.0;253.24348660113955
1237667782825476142;-99.0;-99.0;198.5804743162393
1237648720157999147;-99.0;-99.0;481.2907409772079
1237655554497315264;-99.0;-99.0;199.86163866666666
1237648705142259856;-99.0;-99.0;700.3698449002848
1237656242244288546;-99.0;-99.0;643.1445039145299
1237656496179773460;-99.0;-99.0;556.8794376524215
1237648722830229557;-99.0;-99.0;92.67088801424501
1237654605869154428;-99.0;-99.0;580.7945055270656
1237658425162661964;-99.0;-99.0;469.76026182336176
1237679319090004082;-99.0;-99.0;409.11848256980056
1237666090051108895;-99.0;-99.0;212.67328217094013
1237652942099906723;-99.0;-99.0;292.5325266809117
1237652944245620778;-99.0;-99.0;196.44520039886038
1237667915419091112;-99.0;-99.0;104.62842195156695
1237667781752651797;-99.0;-99.0;283.1373214444444
1237665532252061737;-99.0;-99.0;198.15341953276348
1237667783370408022;-99.0;-99.0;314.31232063817663
1237668273510613102;-99.0;-99.0;117.01301067236466
1237660752482271830;-99.0;-99.0;237.0154048290598
1237661387085971956;-99.0;-99.0;562.004095054131
1237665330386960431;-99.0;-99.0;133.66814722792023
1237665026513502314;-99.0;-99.0;596.1684777321937
1237653586333925601;-99.0;-99.0;100.7849289002849
1237658205599367246;-99.0;-99.0;293.3866362478632
1237661957763367003;-99.0;-99.0;307.4794441025641
1237653613719453729;-99.0;-99.0;400.1503321168091
1237658801494819001;-99.0;-99.0;133.66814722792023
1237653010823053370;-99.0;-99.0;270.75273272364666
1237658312406073370;-99.0;-99.0;188.3311595128205
1237668270824882218;-99.0;-99.0;60.214724470085464
1237657242972455024;-99.0;-99.0;146.4797907321937
1237661464916066384;-99.0;-99.0;133.24109244444443
1237652943175942240;-99.0;-99.0;505.6328636353276
1237665531710144554;-99.0;-99.0;379.22464772649573
1237666407922008173;-99.0;-99.0;570.118135940171
1237654608530768011;-99.0;-99.0;481.2907409772079
1237652947454722146;-99.0;-99.0;114.02362718803418
1237678877784473817;-99.0;-99.0;202.85102215099712
1237655368756756559;-99.0;-99.0;263.0657466210826
1237666338653012001;-99.0;-99.0;144.34451681481477
1237661463848616123;-99.0;-99.0;85.83801147863248
1237654949448450067;-99.0;-99.0;128.97054460968658
1237650369409843269;-99.0;-99.0;74.30753232478631
1237658423552114703;-99.0;-99.0;187.04999516239315
1237660671430754375;-99.0;-99.0;112.74246283760684
1237648721251401833;-99.0;-99.0;231.89074742735042
1237674601603072055;-99.0;-99.0;140.50102376353274
1237679437740441660;-99.0;-99.0;67.90171057264956
1237654880208879697;-99.0;-99.0;143.91746203133903
1237661086958354567;-99.0;-99.0;49.965409666666666
1237651735771873419;-99.0;-99.0;230.6095830769231
1237661212580708412;-99.0;-99.0;113.1695176210826
1237664106317545522;-99.0;-99.0;77.7239705925926
1237651752924348421;-99.0;-99.0;193.0287621310541
1237661362916556915;-99.0;-99.0;127.26232547578347
1237651754542432354;-99.0;-99.0;127.26232547578347
1237652600641486957;-99.0;-99.0;75.58869667521367
1237651538715541681;-99.0;-99.0;43.559587914529914
1237654605315506320;-99.0;-99.0;114.45068197150997
1237654605334773784;-99.0;-99.0;88.82739496296296
1237658203983249636;-99.0;-99.0;67.90171057264956
1237651190287368342;-99.0;-99.0;106.76369586894587
1237654602102079513;-99.0;-99.0;195.59109083190882
1237654604253233254;-99.0;-99.0;51.673628800569794
1237658493350182949;-99.0;-99.0;186.62294037891738
1237658204505309283;-99.0;-99.0;311.32293715384617
1237655369290154042;-99.0;-99.0;222.92259697435898
1237661354314956869;-99.0;-99.0;219.07910392307687
1237656537513328772;-99.0;-99.0;129.82465417663818
1237656496170467650;-99.0;-99.0;201.5698578005698
1237661353777299634;-99.0;-99.0;219.5061587065527
1237653500434251833;-99.0;-99.0;404.420879951567
1237651272431829033;-99.0;-99.0;177.22773514245011
1237659146168041593;-99.0;-99.0;259.64930835327635
1237648721249435820;-99.0;-99.0;183.2065021111111
1237650760243216505;-99.0;-99.0;83.27568277777777
1237661435384365240;-99.0;-99.0;125.98116112535611
1237652934035832846;-99.0;-99.0;225.48492567521367
1237651503806218248;-99.0;-99.0;231.46369264387462
1237657589780381812;-99.0;-99.0;93.09794279772078
1237661852010676264;-99.0;-99.0;386.9116338290598
1237658205061251104;-99.0;-99.0;71.74520362393162
1237655468065489050;-99.0;-99.0;54.66301228490028
1237648721751638245;-99.0;-99.0;67.47465578917378
1237659330314371099;-99.0;-99.0;161.42670815384614
1237672764444901494;-99.0;-99.0;60.641779253561246
1237659161735004216;-99.0;-99.0;125.98116112535611
1237648722291064912;-99.0;-99.0;371.53766162393157
1237654881265188946;-99.0;-99.0;207.12156998575497
1237666091124850833;-99.0;-99.0;231.89074742735042
1237652599568138607;-99.0;-99.0;147.33390029914528
1237656538052886587;-99.0;-99.0;266.48218488888887
1237659324410626096;-99.0;-99.0;53.80890271794871
1237661851463778581;-99.0;-99.0;248.11882919943017
1237651251482525781;-99.0;-99.0;229.3284187264957
1237660764834103400;-99.0;-99.0;59.36061490313389
1237662499999907856;-99.0;-99.0;154.59383161823362
1237665026520252516;-99.0;-99.0;1241.4482555641025
1237663783125254177;-99.0;-99.0;56.37123141880342
1237663782589825148;-99.0;-99.0;55.51712185185185
1237652628568145971;-99.0;-99.0;76.86986102564103
1237652899690250346;-99.0;-99.0;70.03698449002849
1237666408458158160;-99.0;-99.0;106.33664108547006
1237666300555231278;-99.0;-99.0;97.36849063247863
1237660557596623183;-99.0;-99.0;93.52499758119657
1237654391639638190;-99.0;-99.0;141.7821881139601
1237654391107092666;-99.0;-99.0;205.41335085185182
1237651191354687536;-99.0;-99.0;175.0924612250712
1237667108501192836;-99.0;-99.0;158.86437945299141
1237661138493374514;-99.0;-99.0;89.25444974643874
1237652946920603681;-99.0;-99.0;234.02602134472932
1237667211050680439;-99.0;-99.0;90.96266888034187
1237657629521412153;-99.0;-99.0;183.2065021111111
1237661812804354109;-99.0;-99.0;46.12191661538461
1237668590265565207;-99.0;-99.0;96.51438106552705
1237651822708654280;-99.0;-99.0;113.1695176210826
1237662238553538731;-99.0;-99.0;127.68938025925925
1237668349213999391;-99.0;-99.0;185.34177602849002
1237662198820307016;-99.0;-99.0;189.61232386324787
1237659324952674479;-99.0;-99.0;82.84862799430199
1237648705676705969;-99.0;-99.0;118.72122980626779
1237661386544382184;-99.0;-99.0;132.38698287749284
1237655502956986497;-99.0;-99.0;333.5297858945869
1237671935507300687;-99.0;-99.0;108.89896978632477
1237654953748201616;-99.0;-99.0;184.06061167806266
1237659897246580848;-99.0;-99.0;121.28355850712249
1237652936176894483;-99.0;-99.0;88.40034017948716
1237663784194670735;-99.0;-99.0;76.01575145868945
1237659131136049174;-99.0;-99.0;513.3198497378917
1237670965387329614;-99.0;-99.0;61.49588882051281
1237658205028548652;-99.0;-99.0;396.30683906552696
1237657607503413383;-99.0;-99.0;112.31540805413104
1237651736837685367;-99.0;-99.0;303.635951051282
1237655691940069777;-99.0;-99.0;127.26232547578347
1237651801770950770;-99.0;-99.0;279.72088317663815
1237658613590524073;-99.0;-99.0;101.21198368376066
1237652600634081472;-99.0;-99.0;90.96266888034187
1237661149772447809;-99.0;-99.0;683.7147083447292
1237663457778401388;-99.0;-99.0;269.0445135897436
1237660634914816139;-99.0;-99.0;274.5962257749287
1237664670045831248;-99.0;-99.0;206.69451520227918
1237661357538541706;-99.0;-99.0;96.51438106552705
1237661966895611952;-99.0;-99.0;116.58595588888888
1237662263790665933;-99.0;-99.0;225.91198045868947
1237664871891861943;-99.0;-99.0;597.0225872991452
1237666338653012008;-99.0;-99.0;143.91746203133903
1237661360222961749;-99.0;-99.0;122.13766807407407
1237652629641298087;-99.0;-99.0;94.37910714814814
1237668624093085825;-99.0;-99.0;643.1445039145299
1237668298213425302;-99.0;-99.0;411.6808112706552
1237662618651000985;-99.0;-99.0;629.9058056267805
1237657117874258108;-99.0;-99.0;703.3592283846153
1237661069780516924;-99.0;-99.0;233.59896656125352
1237660613437947975;-99.0;-99.0;494.95649404843306
1237666089514238355;-99.0;-99.0;209.2568439031339
1237661152450248775;-99.0;-99.0;163.56198207122506
1237661950260215832;-99.0;-99.0;48.68424531623931
1237661871334359057;-99.0;-99.0;48.25719053276352
1237659163882291314;-99.0;-99.0;116.1589011054131
1237662341087428679;-99.0;-99.0;141.3551333304843
1237655472356131175;-99.0;-99.0;48.25719053276352
1237661356464668995;-99.0;-99.0;45.26780704843305
1237665355085906033;-99.0;-99.0;116.1589011054131
1237665097390293031;-99.0;-99.0;183.63355689458686
1237651753456501024;-99.0;-99.0;587.2003272792023
1237656494033731596;-99.0;-99.0;207.12156998575497
1237656241699750016;-99.0;-99.0;398.0150581994302
1237662528987594793;-99.0;-99.0;331.39451197720797
1237653652913913862;-99.0;-99.0;325.8427997920228
1237659152614228005;-99.0;-99.0;307.05238931908826
1237665329846222872;-99.0;-99.0;650.831490017094
1237664094510776448;-99.0;-99.0;312.60410150427344
1237662301376282959;-99.0;-99.0;618.3753264729345
1237667324325396483;-99.0;-99.0;138.36574984615382
1237665331460309076;-99.0;-99.0;916.8866201225071
1237657629524557933;-99.0;-99.0;115.73184632193731
1237668624627597429;-99.0;-99.0;268.6174588062678
1237651192437473878;-99.0;-99.0;485.98834359544156
1237662225668112515;-99.0;-99.0;551.3277254672364
1237668272980689000;-99.0;-99.0;154.59383161823362
1237663548505194570;-99.0;-99.0;339.9356076467236
1237665428638138373;-99.0;-99.0;74.30753232478631
1237655742947524732;-99.0;-99.0;157.15616031908831
1237654876434858154;-99.0;-99.0;436.4499887122507
1237656238473019545;-99.0;-99.0;62.777053170940164
1237667536932110342;-99.0;-99.0;403.1397156011396
1237667731271713233;-99.0;-99.0;64.48527230484329
1237667735567597679;-99.0;-99.0;120.42944894017093
1237664852567458055;-99.0;-99.0;72.5993131908832
1237662302985388267;-99.0;-99.0;232.3178022108262
1237662533825134724;-99.0;-99.0;201.142803017094
1237678433254768715;-99.0;-99.0;156.72910553561252
1237660669811753031;-99.0;-99.0;541.9325202307692
1237673705040249408;-99.0;-99.0;50.39246445014245
1237667782270320902;-99.0;-99.0;69.60992970655269
1237671123755663394;-99.0;-99.0;128.11643504273502
1237651251484033282;-99.0;-99.0;43.986642698005696
1237664835927670963;-99.0;-99.0;51.673628800569794
1237652899686842475;-99.0;-99.0;115.73184632193731
1237658424085577738;-99.0;-99.0;950.1968932336183
1237651190285336618;-99.0;-99.0;306.6253345356125
1237678434328051791;-99.0;-99.0;76.01575145868945
1237658800958603336;-99.0;-99.0;751.616418917379
1237658425161220139;-99.0;-99.0;693.1099135811965
1237655471824437368;-99.0;-99.0;520.57978105698
1237670955718869059;-99.0;-99.0;54.235957501424494
1237652943176138868;-99.0;-99.0;194.73698126495725
1237674366994350219;-99.0;-99.0;623.9270386581196
1237674288611393658;-99.0;-99.0;472.74964530769233
1237658300060598302;-99.0;-99.0;751.616418917379
1237661069250330675;-99.0;-99.0;836.6003208290597
1237671932818489379;-99.0;-99.0;427.48183825925923
1237661137426055177;-99.0;-99.0;569.2640263732194
1237661949173366871;-99.0;-99.0;535.0996436951566
1237664291005268139;-99.0;-99.0;556.4523828689458
1237661970640994336;-99.0;-99.0;186.62294037891738
1237661812267417638;-99.0;-99.0;180.2171186267806
1237662500004364377;-99.0;-99.0;444.1369748148148
1237661387065786482;-99.0;-99.0;111.0342437037037
1237663478726262796;-99.0;-99.0;503.4975897179487
1237655125546434691;-99.0;-99.0;434.74176957834754
1237656496169943280;-99.0;-99.0;344.6332102649572
1237658803112968209;-99.0;-99.0;439.866426980057
1237667916489162850;-99.0;-99.0;140.92807854700854
1237661949178216474;-99.0;-99.0;87.97328539601139
1237661975473815582;-99.0;-99.0;61.068834037037036
1237661948644688013;-99.0;-99.0;156.72910553561252
1237668625701535848;-99.0;-99.0;504.77875406837603
1237661949186277658;-99.0;-99.0;47.40308096581197
1237650761862086708;-99.0;-99.0;82.42157321082621
1237648705659142294;-99.0;-99.0;46.54897139886039
1237667911138213991;-99.0;-99.0;112.74246283760684
1237668349745954860;-99.0;-99.0;66.19349143874642
1237662193464377630;-99.0;-99.0;43.132533131054124
1237665549428981992;-99.0;-99.0;75.16164189173789
1237648704594575485;-99.0;-99.0;181.0712281937322
1237668335789736327;-99.0;-99.0;70.46403927350427
1237651311607808087;-99.0;-99.0;114.45068197150997
1237667782850576453;-99.0;-99.0;307.05238931908826
1237655742406197466;-99.0;-99.0;109.32602456980057
1237659132214706230;-99.0;-99.0;263.49280140455835
1237662269148430479;-99.0;-99.0;193.0287621310541
1237657117872292102;-99.0;-99.0;164.84314642165242
1237652944245358835;-99.0;-99.0;181.0712281937322
1237653652911226937;-99.0;-99.0;75.58869667521367
1237649918966104203;-99.0;-99.0;174.66540644159542
1237670956254887979;-99.0;-99.0;177.6547899259259
1237663783680802912;-99.0;-99.0;106.33664108547006
1237651192423710756;-99.0;-99.0;55.51712185185185
1237658191608938717;-99.0;-99.0;79.8592445099715
1237661125615223022;-99.0;-99.0;116.58595588888888
1237661923405398112;-99.0;-99.0;168.68663947293447
1237657771780866133;-99.0;-99.0;69.60992970655269
1237671261202219152;-99.0;-99.0;122.99177764102562
1237660960793165978;-99.0;-99.0;69.60992970655269
1237660669813850216;-99.0;-99.0;46.54897139886039
1237662226202755144;-99.0;-99.0;73.02636797435898
1237668290155315337;-99.0;-99.0;150.32328378347577
1237658800956833843;-99.0;-99.0;188.75821429629627
1237658801496129718;-99.0;-99.0;91.38972366381765
1237661381704286225;-99.0;-99.0;152.4585577008547
1237657612337217630;-99.0;-99.0;142.63629768091167
1237658423023304747;-99.0;-99.0;116.58595588888888
1237667915955765491;-99.0;-99.0;99.50376454985755
1237661811737821284;-99.0;-99.0;165.69725598860398
1237651271364247574;-99.0;-99.0;199.43458388319087
1237664294757924965;-99.0;-99.0;91.81677844729343
1237664295835402302;-99.0;-99.0;79.8592445099715
1237665548887326753;-99.0;-99.0;244.70239093162388
1237655499740545108;-99.0;-99.0;107.61780543589742
1237648704051478591;-99.0;-99.0;126.83527069230767
1237665440987480070;-99.0;-99.0;70.89109405698005
1237667735597285604;-99.0;-99.0;135.37636636182333
1237668271376826454;-99.0;-99.0;146.9068455156695
1237667782322028653;-99.0;-99.0;142.63629768091167
1237659326565449796;-99.0;-99.0;141.3551333304843
1237651226244678020;-99.0;-99.0;43.986642698005696
1237656567038935144;-99.0;-99.0;53.80890271794871
1237652936180433072;-99.0;-99.0;119.14828458974358
1237667550341824810;-99.0;-99.0;84.12979234472932
1237661950792892519;-99.0;-99.0;102.9202028176638
1237667142323798373;-99.0;-99.0;65.76643665527065
1237651190819651798;-99.0;-99.0;102.06609325071224
1237654605311377664;-99.0;-99.0;58.93356011965812
1237658298989346925;-99.0;-99.0;251.53526746723645
1237664871898415122;-99.0;-99.0;62.777053170940164
1237661137425334280;-99.0;-99.0;131.95992809401707
1237667254008873043;-99.0;-99.0;144.7715715982906
1237654875357708432;-99.0;-99.0;52.95479315099714
1237648722308759778;-99.0;-99.0;72.5993131908832
1237667782838452274;-99.0;-99.0;94.80616193162393
1237664814985379881;-99.0;-99.0;194.73698126495725
1237663238739394777;-99.0;-99.0;92.67088801424501
1237664131016360006;-99.0;-99.0;137.93869506267805
1237661976010358791;-99.0;-99.0;273.74211620797723
1237665128024506701;-99.0;-99.0;145.1986263817664
1237656538050003056;-99.0;-99.0;300.64656756695155
1237653651309592665;-99.0;-99.0;296.37601973219375
1237671955904790626;-99.0;-99.0;225.91198045868947
1237652599037886563;-99.0;-99.0;345.4873198319088
1237662264858116224;-99.0;-99.0;237.44245961253557
1237652900763861075;-99.0;-99.0;234.45307612820508
1237652900229546000;-99.0;-99.0;125.55410634188033
1237653502043619456;-99.0;-99.0;92.67088801424501
1237660669810901003;-99.0;-99.0;603.8554638347579
1237650762390765695;-99.0;-99.0;387.3386886125356
1237654601568157756;-99.0;-99.0;440.2934817635327
1237658300593537487;-99.0;-99.0;439.4393721965812
1237658423543595058;-99.0;-99.0;295.94896494871796
1237671127517823010;-99.0;-99.0;334.81095024501417
1237664816062267523;-99.0;-99.0;97.79554541595441
1237661970121752655;-99.0;-99.0;843.0061425811965
1237655126622339081;-99.0;-99.0;324.5616354415954
1237662268612411908;-99.0;-99.0;179.7900638433048
1237655126620504228;-99.0;-99.0;355.7366346353276
1237662263251042419;-99.0;-99.0;177.6547899259259
1237658299531657321;-99.0;-99.0;324.9886902250712
1237658422489841725;-99.0;-99.0;341.21677199715094
1237655744554205264;-99.0;-99.0;266.90923967236466
1237655744551190659;-99.0;-99.0;121.71061329059829
1237658493889544362;-99.0;-99.0;434.74176957834754
1237667781199593488;-99.0;-99.0;190.89348821367517
1237661811198656589;-99.0;-99.0;305.34417018518513
1237661949728391318;-99.0;-99.0;71.74520362393162
1237661949726818492;-99.0;-99.0;395.0256747150997
1237661950244421703;-99.0;-99.0;234.02602134472932
1237671260128411724;-99.0;-99.0;231.03663786039883
1237656494033076299;-99.0;-99.0;340.36266243019935
1237664289386332292;-99.0;-99.0;390.32807209686604
1237666186171514973;-99.0;-99.0;507.3410827692307
1237653651304480782;-99.0;-99.0;575.2427933418802
1237671261744201787;-99.0;-99.0;618.3753264729345
1237668294443663420;-99.0;-99.0;576.0969029088318
1237667910597017622;-99.0;-99.0;562.8582046210826
1237664668962979917;-99.0;-99.0;240.4318430968661
1237660554376774294;-99.0;-99.0;130.25170896011394
1237651192423317611;-99.0;-99.0;554.7441637350427
1237662225149460529;-99.0;-99.0;78.15102537606836
1237657608034779352;-99.0;-99.0;128.54348982621082
1237653588480098644;-99.0;-99.0;555.1712185185185
1237664673788067940;-99.0;-99.0;223.77670654131052
1237661137424154671;-99.0;-99.0;525.2773836752136
1237659132754919628;-99.0;-99.0;131.5328733105413
1237657594613924072;-99.0;-99.0;131.10581852706554
1237658203987968171;-99.0;-99.0;128.97054460968658
1237673309358719012;-99.0;-99.0;239.1506787464387
1237655129299877953;-99.0;-99.0;382.64108599430193
1237660961324859410;-99.0;-99.0;49.53835488319087
1237665427567804598;-99.0;-99.0;169.11369425641027
1237653441910472795;-99.0;-99.0;353.1743059344729
1237666407920435272;-99.0;-99.0;108.47191500284899
1237651736852168709;-99.0;-99.0;454.81334440170934
1237654602104635488;-99.0;-99.0;358.29896333618234
1237662244985372786;-99.0;-99.0;333.1027311111111
1237655744014057516;-99.0;-99.0;103.77431238461537
1237661465458180251;-99.0;-99.0;773.3962128746439
1237667538013782084;-99.0;-99.0;90.1085593133903
1237661465449529386;-99.0;-99.0;492.3941653475783
1237660635461320734;-99.0;-99.0;125.55410634188033
1237658802034573341;-99.0;-99.0;88.40034017948716
1237657610727456831;-99.0;-99.0;208.40273433618233
1237667324334571535;-99.0;-99.0;98.64965498290597
1237654948909088796;-99.0;-99.0;166.12431077207975
1237665549437567417;-99.0;-99.0;128.97054460968658
1237659326566236446;-99.0;-99.0;135.80342114529913
1237661351632306326;-99.0;-99.0;301.92773191737894
1237666408441774138;-99.0;-99.0;113.59657240455839
1237671262266917178;-99.0;-99.0;199.43458388319087
1237662263778935038;-99.0;-99.0;466.3438235555555
1237660584979791971;-99.0;-99.0;487.2695079458689
1237660613972918322;-99.0;-99.0;125.12705155840456
1237667782270058578;-99.0;-99.0;195.59109083190882
1237660613975867561;-99.0;-99.0;509.9034114700855
1237658492823470229;-99.0;-99.0;209.68389868660964
1237662237467476046;-99.0;-99.0;169.54074903988604
1237668272454500470;-99.0;-99.0;183.63355689458686
1237671123222397188;-99.0;-99.0;402.7126608176638
1237657611800936541;-99.0;-99.0;425.34656434188025
1237658300056600899;-99.0;-99.0;413.81608518803415
1237664132093182078;-99.0;-99.0;347.1955389658119
1237654653101998227;-99.0;-99.0;234.02602134472932
1237657606426787981;-99.0;-99.0;419.7948521566951
1237652598494527583;-99.0;-99.0;574.8157385584045
1237651191358292016;-99.0;-99.0;492.8212201310541
1237653009193632331;-99.0;-99.0;184.06061167806266
1237658204510683248;-99.0;-99.0;523.1421097578348
1237661210436894782;-99.0;-99.0;357.01779898575495
1237661463844814892;-99.0;-99.0;208.8297891196581
1237658300604743843;-99.0;-99.0;514.6010140883191
1237660935554400280;-99.0;-99.0;196.0181456153846
1237662503761281282;-99.0;-99.0;616.6671073390313
1237664667361083416;-99.0;-99.0;614.9588882051282
1237664337173938273;-99.0;-99.0;867.7753200227919
1237667537476255815;-99.0;-99.0;472.32259052421654
1237661974404268164;-99.0;-99.0;556.0253280854702
1237667322719961112;-99.0;-99.0;464.6356044216524
1237667254529491136;-99.0;-99.0;1275.612638242165
1237650762927374388;-99.0;-99.0;347.6225937492877
1237661950801543219;-99.0;-99.0;375.3811546752137
1237662336260112411;-99.0;-99.0;374.9540998917379
1237655504034333049;-99.0;-99.0;364.27773030484326
1237651249892884557;-99.0;-99.0;319.0099232564102
1237668623008727380;-99.0;-99.0;221.6414326239316
1237661852004384859;-99.0;-99.0;232.74485699430198
1237661417672015945;-99.0;-99.0;421.07601650712246
1237657857682243614;-99.0;-99.0;307.4794441025641
1237654601562718363;-99.0;-99.0;397.1609486324786
1237668590799683732;-99.0;-99.0;321.57225195726494
1237664291005268074;-99.0;-99.0;355.3095798518518
1237667782839304202;-99.0;-99.0;296.80307451566955
1237662263238918174;-99.0;-99.0;448.40752264957257
1237650371026354278;-99.0;-99.0;76.44280624216523
1237663783662256198;-99.0;-99.0;168.25958468945865
1237666338116927553;-99.0;-99.0;232.3178022108262
1237678437016141844;-99.0;-99.0;224.20376132478629
1237663783679885466;-99.0;-99.0;67.47465578917378
1237660241385685057;-99.0;-99.0;189.61232386324787
1237663237128388736;-99.0;-99.0;89.25444974643874
1237663655343357998;-99.0;-99.0;117.86712023931624
1237673704503509022;-99.0;-99.0;213.52739173789175
1237661086952915118;-99.0;-99.0;195.59109083190882
1237660343923966074;-99.0;-99.0;192.17465256410253
1237673808653451598;-99.0;-99.0;120.8565037236467
1237674366455972321;-99.0;-99.0;74.7345871082621
1237667255598973132;-99.0;-99.0;65.33938187179487
1237667730730516629;-99.0;-99.0;64.91232708831909
1237671123754549333;-99.0;-99.0;227.62019959259257
1237671122680873287;-99.0;-99.0;64.05821752136751
1237660764834103370;-99.0;-99.0;346.7684841823361
1237663916804538442;-99.0;-99.0;50.39246445014245
1237657877005599005;-99.0;-99.0;84.12979234472932
1237661087493062932;-99.0;-99.0;126.83527069230767
1237661126685753434;-99.0;-99.0;66.62054622222222
1237667537996742736;-99.0;-99.0;126.83527069230767
1237667108500275226;-99.0;-99.0;82.42157321082621
1237657119483429130;-99.0;-99.0;91.38972366381765
1237657606962282614;-99.0;-99.0;172.5301325242165
1237664667887534206;-99.0;-99.0;122.56472285754984
1237664093972988002;-99.0;-99.0;218.65204913960113
1237660961862189211;-99.0;-99.0;276.73149969230764
1237658203419508769;-99.0;-99.0;280.14793796011395
1237657775004516535;-99.0;-99.0;106.76369586894587
1237671262811062391;-99.0;-99.0;209.2568439031339
1237667253459812390;-99.0;-99.0;43.132533131054124
1237667782814924847;-99.0;-99.0;219.93321349002846
1237667253459747012;-99.0;-99.0;43.132533131054124
1237667293188784327;-99.0;-99.0;44.41369748148148
1237655109439979768;-99.0;-99.0;117.44006545584044
1237667485919608909;-99.0;-99.0;115.73184632193731
1237658299525890210;-99.0;-99.0;163.56198207122506
1237661383307034682;-99.0;-99.0;90.5356140968661
1237661383844102154;-99.0;-99.0;98.64965498290597
1237673708259311797;-99.0;-99.0;72.17225840740738
1237667254535258208;-99.0;-99.0;141.3551333304843
1237668288540639295;-99.0;-99.0;579.0862863931624
1237654653644243029;-99.0;-99.0;151.6044481339031
1237664871360299223;-99.0;-99.0;96.51438106552705
1237664879950037041;-99.0;-99.0;114.02362718803418
1237660634916847721;-99.0;-99.0;61.49588882051281
1237657771781980167;-99.0;-99.0;237.0154048290598
1237657591386013772;-99.0;-99.0;111.88835327065526
1237657590312206488;-99.0;-99.0;68.75582013960113
1237664106313416804;-99.0;-99.0;94.80616193162393
1237664105776611354;-99.0;-99.0;94.80616193162393
1237660669814177814;-99.0;-99.0;56.37123141880342
1237661064951758988;-99.0;-99.0;46.976026182336184
1237657770171957290;-99.0;-99.0;240.4318430968661
1237661851457028130;-99.0;-99.0;75.16164189173789
1237664669506142271;-99.0;-99.0;93.95205236467237
1237657856600309817;-99.0;-99.0;106.33664108547006
1237661382773178461;-99.0;-99.0;116.1589011054131
1237667536395894800;-99.0;-99.0;108.47191500284899
1237660583905656945;-99.0;-99.0;174.66540644159542
1237662225128357996;-99.0;-99.0;115.73184632193731
1237661383847575574;-99.0;-99.0;172.5301325242165
1237661137958469737;-99.0;-99.0;175.0924612250712
1237664106852450313;-99.0;-99.0;150.32328378347577
1237660773419581542;-99.0;-99.0;99.07670976638174
1237671123767525428;-99.0;-99.0;125.98116112535611
1237671124304527469;-99.0;-99.0;360.861292037037
1237667735568777367;-99.0;-99.0;54.66301228490028
1237651252029554776;-99.0;-99.0;44.41369748148148
1237661849848250543;-99.0;-99.0;96.94143584900284
1237658297921372174;-99.0;-99.0;61.068834037037036
1237658800418914456;-99.0;-99.0;177.22773514245011
1237658300069249037;-99.0;-99.0;53.80890271794871
1237664337708187670;-99.0;-99.0;97.79554541595441
1237660582835257407;-99.0;-99.0;192.60170734757835
1237667782822985877;-99.0;-99.0;175.519516008547
1237668288547258388;-99.0;-99.0;79.00513494301993
1237664130479816738;-99.0;-99.0;140.92807854700854
1237667781749899297;-99.0;-99.0;197.72636474928774
1237658300070887457;-99.0;-99.0;190.03937864672363
1237661138498682930;-99.0;-99.0;184.06061167806266
1237667735035248725;-99.0;-99.0;184.48766646153845
1237664877809107013;-99.0;-99.0;217.79793957264954
1237665126923960437;-99.0;-99.0;80.71335407692307
1237664818742493228;-99.0;-99.0;249.82704833333332
1237664667363246202;-99.0;-99.0;188.75821429629627
1237662195592331426;-99.0;-99.0;129.39759939316238
1237651753465151591;-99.0;-99.0;82.84862799430199
1237654670277410956;-99.0;-99.0;403.1397156011396
1237658614126608547;-99.0;-99.0;119.57533937321935
1237658298462240913;-99.0;-99.0;222.49554219088319
1237661358074691637;-99.0;-99.0;81.56746364387463
1237658298462830742;-99.0;-99.0;85.41095669515668
1237658423555653710;-99.0;-99.0;93.95205236467237
1237661811729498144;-99.0;-99.0;152.0315029173789
1237657856069075057;-99.0;-99.0;91.81677844729343
1237661356464865319;-99.0;-99.0;93.95205236467237
1237665328771563577;-99.0;-99.0;123.41883242450142
1237661355927994429;-99.0;-99.0;91.81677844729343
1237658613053980686;-99.0;-99.0;104.62842195156695
1237661972788281493;-99.0;-99.0;313.45821107122504
1237667212670206006;-99.0;-99.0;125.55410634188033
1237657220414111770;-99.0;-99.0;210.53800825356123
1237661967424880805;-99.0;-99.0;89.25444974643874
1237667254546792467;-99.0;-99.0;99.93081933333333
1237665025436876984;-99.0;-99.0;90.5356140968661
1237655109448695862;-99.0;-99.0;257.08697965242163
1237661358077378732;-99.0;-99.0;139.64691419658118
1237667782829473852;-99.0;-99.0;90.1085593133903
1237664291533750316;-99.0;-99.0;156.30205075213672
1237657630599872600;-99.0;-99.0;113.1695176210826
1237661850392002629;-99.0;-99.0;79.00513494301993
1237655124467908686;-99.0;-99.0;96.51438106552705
1237665329848582263;-99.0;-99.0;118.72122980626779
1237667322179289129;-99.0;-99.0;97.79554541595441
1237668496318398520;-99.0;-99.0;49.53835488319087
1237668496318464133;-99.0;-99.0;49.53835488319087
1237668293912625224;-99.0;-99.0;103.77431238461537
1237667429034360902;-99.0;-99.0;134.94931157834756
1237667783367917730;-99.0;-99.0;98.22260019943019
1237664337715920901;-99.0;-99.0;162.7078725042735
1237665331459719291;-99.0;-99.0;90.96266888034187
1237653616937599122;-99.0;-99.0;204.98629606837605
1237661351631454309;-99.0;-99.0;230.1825282934473
1237665025438973969;-99.0;-99.0;141.7821881139601
1237650760778448980;-99.0;-99.0;74.7345871082621
1237655108913070117;-99.0;-99.0;51.24657401709401
1237661813345222780;-99.0;-99.0;88.40034017948716
1237667321643401229;-99.0;-99.0;51.24657401709401
1237658803109822494;-99.0;-99.0;207.12156998575497
1237668625693868101;-99.0;-99.0;84.9839019116809
1237668299275632715;-99.0;-99.0;58.07945055270655
1237661967428419615;-99.0;-99.0;134.5222567948718
1237661850394165381;-99.0;-99.0;100.7849289002849
1237668298739089474;-99.0;-99.0;318.5828684729344
1237655107303243810;-99.0;-99.0;234.02602134472932
1237651736294195259;-99.0;-99.0;329.68629284330484
1237651735757324458;-99.0;-99.0;356.5907442022792
1237667915955634219;-99.0;-99.0;96.51438106552705
1237662195599081649;-99.0;-99.0;222.0684874074074
1237667209991159899;-99.0;-99.0;44.84075226495726
1237665025440677967;-99.0;-99.0;228.47430915954413
1237661950790074515;-99.0;-99.0;90.5356140968661
1237658205047488538;-99.0;-99.0;265.2010205384615
1237648721231544377;-99.0;-99.0;90.5356140968661
1237667910591971360;-99.0;-99.0;214.80855608831905
1237661849857949858;-99.0;-99.0;161.42670815384614
1237667448339497095;-99.0;-99.0;96.08732628205127
1237662194525732978;-99.0;-99.0;96.94143584900284
1237664339328827423;-99.0;-99.0;97.79554541595441
1237651736832245855;-99.0;-99.0;312.17704672079765
1237667910592692350;-99.0;-99.0;89.25444974643874
1237668297129853047;-99.0;-99.0;88.40034017948716
1237658205585014795;-99.0;-99.0;132.38698287749284
1237667254552363057;-99.0;-99.0;54.66301228490028
1237658608755736616;-99.0;-99.0;98.64965498290597
1237651754012901399;-99.0;-99.0;102.06609325071224
1237658491745075265;-99.0;-99.0;94.37910714814814
1237667324331229288;-99.0;-99.0;64.48527230484329
1237658206122868776;-99.0;-99.0;192.17465256410253
1237667441898815598;-99.0;-99.0;90.1085593133903
1237661852007596057;-99.0;-99.0;129.39759939316238
1237668623014494320;-99.0;-99.0;111.0342437037037
1237661151377031272;-99.0;-99.0;165.69725598860398
1237665128545910799;-99.0;-99.0;98.64965498290597
1237658629696913445;-99.0;-99.0;259.64930835327635
1237658206123917479;-99.0;-99.0;66.19349143874642
1237667254018441375;-99.0;-99.0;96.08732628205127
1237662194528682119;-99.0;-99.0;140.92807854700854
1237650761322332240;-99.0;-99.0;201.142803017094
1237664671641567375;-99.0;-99.0;61.92294360398861
1237662300818374689;-99.0;-99.0;225.91198045868947
1237667444048723989;-99.0;-99.0;108.89896978632477
1237668589190709289;-99.0;-99.0;287.83492406267806
1237661958293028932;-99.0;-99.0;230.1825282934473
1237654880191905867;-99.0;-99.0;272.0338970740741
1237661362369855564;-99.0;-99.0;167.83252990598288
1237661417134620694;-99.0;-99.0;343.7791006980057
1237648703509364817;-99.0;-99.0;81.56746364387463
1237662302966710416;-99.0;-99.0;68.32876535612536
1237668296598749280;-99.0;-99.0;52.95479315099714
1237667735051108373;-99.0;-99.0;44.84075226495726
1237665430238527592;-99.0;-99.0;84.9839019116809
1237661976553259050;-99.0;-99.0;102.49314803418802
1237661971191693431;-99.0;-99.0;210.96506303703703
1237665226237214784;-99.0;-99.0;136.65753071225072
1237667910062375005;-99.0;-99.0;98.22260019943019
1237661972802961489;-99.0;-99.0;213.10033695441592
1237662263773888530;-99.0;-99.0;99.07670976638174
1237662193995153481;-99.0;-99.0;114.02362718803418
1237665330932416584;-99.0;-99.0;164.84314642165242
1237661851474788373;-99.0;-99.0;119.57533937321935
1237665330395742305;-99.0;-99.0;68.75582013960113
1237655499200987153;-99.0;-99.0;151.6044481339031
1237665227312333024;-99.0;-99.0;71.31814884045583
1237658204517171275;-99.0;-99.0;118.294175022792
1237667448348278883;-99.0;-99.0;236.16129526210827
1237665226239311902;-99.0;-99.0;172.5301325242165
1237667783917174813;-99.0;-99.0;117.44006545584044
1237668314845610120;-99.0;-99.0;82.42157321082621
1237661972268843079;-99.0;-99.0;99.50376454985755
1237665532245966897;-99.0;-99.0;215.66266565527064
1237662225685872719;-99.0;-99.0;48.25719053276352
1237667736128716897;-99.0;-99.0;109.75307935327635
1237667782307872937;-99.0;-99.0;118.294175022792
1237662224076046407;-99.0;-99.0;52.52773836752136
1237668314847051864;-99.0;-99.0;111.46129848717949
1237655126094119082;-99.0;-99.0;146.05273594871795
1237655369293692955;-99.0;-99.0;42.70547834757834
1237662528991199265;-99.0;-99.0;58.50650533618233
1237661849867452552;-99.0;-99.0;283.5643762279202
1237665430243704865;-99.0;-99.0;328.83218327635325
1237674602679042277;-99.0;-99.0;107.19075065242164
1237668348671820033;-99.0;-99.0;112.31540805413104
1237662528992116927;-99.0;-99.0;83.70273756125354
1237662236941877293;-99.0;-99.0;102.9202028176638
1237668350282694805;-99.0;-99.0;183.63355689458686
1237665180057993364;-99.0;-99.0;149.0421194330484
1237662262706110554;-99.0;-99.0;239.1506787464387
1237655463239155886;-99.0;-99.0;182.7794473276353
1237659131672133811;-99.0;-99.0;54.66301228490028
1237648721784078676;-99.0;-99.0;233.17191177777775
1237661851480293512;-99.0;-99.0;107.61780543589742
1237662194538315802;-99.0;-99.0;62.34999838746438
1237661433782534195;-99.0;-99.0;76.44280624216523
1237661873488527601;-99.0;-99.0;111.46129848717949
1237662238018502874;-99.0;-99.0;128.97054460968658
1237661433783123974;-99.0;-99.0;104.20136716809117
1237668348138881350;-99.0;-99.0;199.43458388319087
1237668298756456539;-99.0;-99.0;169.11369425641027
1237665532252323890;-99.0;-99.0;89.68150452991452
1237662263792304155;-99.0;-99.0;425.34656434188025
1237667967494586544;-99.0;-99.0;132.38698287749284
1237662224618291273;-99.0;-99.0;257.08697965242163
1237659120936157214;-99.0;-99.0;112.31540805413104
1237662530070380596;-99.0;-99.0;126.4082159088319
1237665566074273899;-99.0;-99.0;66.62054622222222
1237651822176305295;-99.0;-99.0;93.09794279772078
1237659120399679630;-99.0;-99.0;134.095202011396
1237655347276677270;-99.0;-99.0;112.31540805413104
1237661950808752330;-99.0;-99.0;129.82465417663818
1237662267536244747;-99.0;-99.0;160.57259858689457
1237667733989163040;-99.0;-99.0;217.79793957264954
1237662662137479222;-99.0;-99.0;128.97054460968658
1237668272982196384;-99.0;-99.0;222.0684874074074
1237662498390409398;-99.0;-99.0;71.74520362393162
1237654880205209622;-99.0;-99.0;153.31266726780626
1237659324410626097;-99.0;-99.0;54.235957501424494
1237662199356784749;-99.0;-99.0;120.42944894017093
1237662635832901638;-99.0;-99.0;333.1027311111111
1237659324947562525;-99.0;-99.0;196.0181456153846
1237662301903061116;-99.0;-99.0;76.86986102564103
1237662697033433224;-99.0;-99.0;324.1345806581196
1237662267538080034;-99.0;-99.0;161.42670815384614
1237662636908151116;-99.0;-99.0;91.38972366381765
1237662697034088466;-99.0;-99.0;290.8243075470085
1237661465447432231;-99.0;-99.0;127.26232547578347
1237668604218900605;-99.0;-99.0;47.83013574928774
1237668272448733204;-99.0;-99.0;223.77670654131052
1237668312163549234;-99.0;-99.0;83.27568277777777
1237659161735790629;-99.0;-99.0;157.15616031908831
1237665549435863188;-99.0;-99.0;46.976026182336184
1237665549435994303;-99.0;-99.0;188.75821429629627
1237668312165449811;-99.0;-99.0;145.62568116524216
1237662534360957178;-99.0;-99.0;181.498282977208
1237662504293892158;-99.0;-99.0;132.38698287749284
1237662307273474129;-99.0;-99.0;151.17739335042734
1237662336792199206;-99.0;-99.0;192.17465256410253
1237665567158435853;-99.0;-99.0;450.96985135042735
1237662619188723853;-99.0;-99.0;327.97807370940166
1237662262181036259;-99.0;-99.0;129.39759939316238
1237671692300386314;-99.0;-99.0;47.40308096581197
1237661465989153053;-99.0;-99.0;61.92294360398861
1237662504832073865;-99.0;-99.0;219.07910392307687
1237659154216255572;-99.0;-99.0;296.80307451566955
1237665356693963014;-99.0;-99.0;116.58595588888888
1237662475304632616;-99.0;-99.0;131.95992809401707
1237662223553986758;-99.0;-99.0;145.62568116524216
1237659327101403434;-99.0;-99.0;255.8058153019943
1237662640122626057;-99.0;-99.0;205.41335085185182
1237659324954968074;-99.0;-99.0;121.71061329059829
1237659162813726915;-99.0;-99.0;128.54348982621082
1237655472356982861;-99.0;-99.0;122.99177764102562
1237659326566039614;-99.0;-99.0;110.18013413675213
1237665567158108257;-99.0;-99.0;224.20376132478629
1237662666963025994;-99.0;-99.0;161.85376293732193
1237662504299266080;-99.0;-99.0;226.3390352421652
1237662474769662293;-99.0;-99.0;226.3390352421652
1237655374647918701;-99.0;-99.0;130.25170896011394
1237655374112555049;-99.0;-99.0;132.38698287749284
1237671939266642003;-99.0;-99.0;44.41369748148148
1237671940340580383;-99.0;-99.0;177.22773514245011
1237655504574087295;-99.0;-99.0;213.95444652136752
1237656567042539991;-99.0;-99.0;219.93321349002846
1237656906347446347;-99.0;-99.0;43.559587914529914
1237658493883711561;-99.0;-99.0;145.62568116524216
1237665025978073168;-99.0;-99.0;262.2116370541311
1237661416067236007;-99.0;-99.0;198.15341953276348
1237668298219192347;-99.0;-99.0;93.52499758119657
1237662263785422993;-99.0;-99.0;137.51164027920225
1237661850413498591;-99.0;-99.0;226.3390352421652
1237662529530495210;-99.0;-99.0;337.37327894586895
1237665548354257053;-99.0;-99.0;89.68150452991452
1237665531709554737;-99.0;-99.0;271.60684229059825
1237661850383220889;-99.0;-99.0;172.9571873076923
1237664668444393518;-99.0;-99.0;89.68150452991452
1237654880192233602;-99.0;-99.0;200.2886934501424
1237665357228933330;-99.0;-99.0;131.95992809401707
1237662269141483654;-99.0;-99.0;107.61780543589742
1237663917885096038;-99.0;-99.0;301.92773191737894
1237650760778252310;-99.0;-99.0;243.84828136467235
1237655493835489404;-99.0;-99.0;230.6095830769231
1237657191978041554;-99.0;-99.0;160.99965337037034
1237661967423111184;-99.0;-99.0;104.62842195156695
1237664819287883841;-99.0;-99.0;269.0445135897436
1237665350246924437;-99.0;-99.0;273.31506142450144
1237665127461093425;-99.0;-99.0;151.6044481339031
1237660615049543716;-99.0;-99.0;223.34965175783475
1237665531181400367;-99.0;-99.0;210.53800825356123
1237650369407352875;-99.0;-99.0;269.4715683732193
1237655373036388537;-99.0;-99.0;120.42944894017093
1237661069779009763;-99.0;-99.0;264.34691097150994
1237658800418914334;-99.0;-99.0;178.0818447094017
1237661948634529912;-99.0;-99.0;375.3811546752137
1237655125009629198;-99.0;-99.0;409.11848256980056
1237662473693823023;-99.0;-99.0;255.3787605185185
1237671128050827347;-99.0;-99.0;281.4291023105413
1237655498663723013;-99.0;-99.0;301.0736223504273
1237650371025764462;-99.0;-99.0;360.0071824700854
1237671264959332443;-99.0;-99.0;379.22464772649573
1237662198288154932;-99.0;-99.0;679.4441605099714
1237663783134101672;-99.0;-99.0;346.3414293988604
1237663783127154813;-99.0;-99.0;285.27259536182333
1237648720678551818;-99.0;-99.0;129.39759939316238
1237663542610690319;-99.0;-99.0;145.1986263817664
1237648704054231121;-99.0;-99.0;222.0684874074074
1237663783664877726;-99.0;-99.0;236.16129526210827
1237674649929187361;-99.0;-99.0;886.1386757122506
1237648704046628971;-99.0;-99.0;172.9571873076923
1237648721225973840;-99.0;-99.0;167.83252990598288
1237666407900250155;-99.0;-99.0;115.73184632193731
1237663784214200405;-99.0;-99.0;231.03663786039883
1237648704591692042;-99.0;-99.0;360.4342372535612
1237650796217565359;-99.0;-99.0;296.80307451566955
1237663457777352875;-99.0;-99.0;187.47704994586894
1237657191445233699;-99.0;-99.0;481.7177957606837
1237663543683055711;-99.0;-99.0;273.31506142450144
1237674650997882950;-99.0;-99.0;107.61780543589742
1237663716017832052;-99.0;-99.0;260.5034179202279
1237651801773703177;-99.0;-99.0;407.8373182193732
1237660241925243097;-99.0;-99.0;210.96506303703703
1237666302165057634;-99.0;-99.0;351.46608680056977
1237678596462411973;-99.0;-99.0;142.63629768091167
1237653664714129466;-99.0;-99.0;289.11608841310533
1237654028715294797;-99.0;-99.0;277.58560925925923
1237651752927166579;-99.0;-99.0;368.5482781396011
1237651735743955043;-99.0;-99.0;365.13183987179485
1237651753464692777;-99.0;-99.0;172.5301325242165
1237651736309203063;-99.0;-99.0;334.38389546153843
1237651753482911834;-99.0;-99.0;99.50376454985755
1237654880211304756;-99.0;-99.0;140.50102376353274
1237654880210977225;-99.0;-99.0;199.86163866666666
1237654604244320430;-99.0;-99.0;412.5349208376068
1237655742414782620;-99.0;-99.0;265.2010205384615
1237664814452244635;-99.0;-99.0;101.21198368376066
1237651821633601634;-99.0;-99.0;396.30683906552696
1237654601027158198;-99.0;-99.0;96.94143584900284
1237655123933724801;-99.0;-99.0;313.88526585470083
1237651823251423417;-99.0;-99.0;151.6044481339031
1237654880198918212;-99.0;-99.0;106.33664108547006
1237658300056600609;-99.0;-99.0;407.4102634358974
1237662267002716346;-99.0;-99.0;162.2808177207977
1237654880737362110;-99.0;-99.0;110.18013413675213
1237661387609538619;-99.0;-99.0;438.15820784615374
1237654602107519031;-99.0;-99.0;386.9116338290598
1237661070329118745;-99.0;-99.0;516.3092332222221
1237658423554998378;-99.0;-99.0;111.0342437037037
1237661065481290205;-99.0;-99.0;124.69999677492876
1237662198823649660;-99.0;-99.0;311.74999193732185
1237667782270452180;-99.0;-99.0;281.8561570940171
1237661948654387210;-99.0;-99.0;525.7044384586894
1237661949192372430;-99.0;-99.0;256.65992486894584
1237667430642417730;-99.0;-99.0;99.50376454985755
1237670449980637434;-99.0;-99.0;368.9753329230769
1237661950260412528;-99.0;-99.0;368.9753329230769
1237668271913369634;-99.0;-99.0;411.6808112706552
1237667212112364184;-99.0;-99.0;204.13218650142448
1237670964847378558;-99.0;-99.0;213.10033695441592
1237668350288855108;-99.0;-99.0;301.92773191737894
1237668348137046238;-99.0;-99.0;185.76883081196578
1237664132627169327;-99.0;-99.0;260.07636313675215
1237664291549675745;-99.0;-99.0;392.89040079772076
1237667107960324125;-99.0;-99.0;313.88526585470083
1237671124303937610;-99.0;-99.0;303.635951051282
1237667252917305837;-99.0;-99.0;302.78184148433047
1237668350284070963;-99.0;-99.0;235.73424047863247
1237668298220765201;-99.0;-99.0;298.9383484330484
1237664292081500224;-99.0;-99.0;280.5749927435897
1237664292075864215;-99.0;-99.0;297.23012929914523
1237665549438025762;-99.0;-99.0;148.18800986609688
1237671691766268068;-99.0;-99.0;145.62568116524216
1237668623546777821;-99.0;-99.0;298.5112936495726
1237668586504257562;-99.0;-99.0;246.83766484900283
1237667537465180537;-99.0;-99.0;48.25719053276352
1237665530647085098;-99.0;-99.0;403.9938251680912
1237667211043602488;-99.0;-99.0;291.2513623304843
1237667212653166648;-99.0;-99.0;386.484579045584
1237665428645347392;-99.0;-99.0;151.17739335042734
1237667108500341006;-99.0;-99.0;247.69177441595437
1237668625694326950;-99.0;-99.0;235.30718569515668
1237668625694195762;-99.0;-99.0;411.25375648717943
1237661086415585603;-99.0;-99.0;208.8297891196581
1237668293372542996;-99.0;-99.0;222.49554219088319
1237668293372543028;-99.0;-99.0;221.6414326239316
1237668272973938693;-99.0;-99.0;357.87190855270654
1237668272435494934;-99.0;-99.0;374.0999903247863
1237665372796289066;-99.0;-99.0;141.3551333304843
1237667734518956174;-99.0;-99.0;264.7739657549857
1237667536397467704;-99.0;-99.0;274.1691709914529
1237665536541524074;-99.0;-99.0;378.7975929430199
1237667542289481933;-99.0;-99.0;324.9886902250712
1237673808120447163;-99.0;-99.0;108.0448602193732
1237665565534912670;-99.0;-99.0;153.31266726780626
1237667736108269575;-99.0;-99.0;235.73424047863247
1237665549431996442;-99.0;-99.0;343.7791006980057
1237665102222590154;-99.0;-99.0;137.51164027920225
1237661464922095775;-99.0;-99.0;188.3311595128205
1237667910605799685;-99.0;-99.0;201.5698578005698
1237667733968978077;-99.0;-99.0;96.51438106552705
1237662698113794189;-99.0;-99.0;160.57259858689457
1237664887999693067;-99.0;-99.0;403.1397156011396
1237667536401465411;-99.0;-99.0;200.2886934501424
1237667736648417464;-99.0;-99.0;207.12156998575497
1237667549806657543;-99.0;-99.0;342.92499113105407
1237665566068047926;-99.0;-99.0;345.060265048433
1237665548353994850;-99.0;-99.0;74.30753232478631
1237657773921861775;-99.0;-99.0;349.75786766666664
1237667447275847690;-99.0;-99.0;241.28595266381765
1237662341089329213;-99.0;-99.0;272.46095185754984
1237661465994264822;-99.0;-99.0;155.0208864017094
1237665567140872256;-99.0;-99.0;122.56472285754984
1237667446191554694;-99.0;-99.0;217.79793957264954
1237664668960227642;-99.0;-99.0;235.73424047863247
1237667550347526190;-99.0;-99.0;109.75307935327635
1237667447271129164;-99.0;-99.0;312.17704672079765
1237662340551868715;-99.0;-99.0;278.86677360968656
1237665531173732533;-99.0;-99.0;362.1424563874644
1237662306739028240;-99.0;-99.0;406.9832086524216
1237667112796094733;-99.0;-99.0;305.77122496866093
1237667447808786453;-99.0;-99.0;100.7849289002849
1237667448347164716;-99.0;-99.0;189.18526907977204
1237665549963362481;-99.0;-99.0;336.9462241623931
1237662640123019558;-99.0;-99.0;162.7078725042735
1237662224625500330;-99.0;-99.0;288.68903362962953
1237662696499445822;-99.0;-99.0;425.34656434188025
1237667322175356958;-99.0;-99.0;89.25444974643874
1237667448337596450;-99.0;-99.0;366.840059005698
1237657773923500120;-99.0;-99.0;193.8828716980057
1237660562968870955;-99.0;-99.0;345.4873198319088
1237662499476144322;-99.0;-99.0;148.61506464957262
1237665549422952539;-99.0;-99.0;265.2010205384615
1237659119877029983;-99.0;-99.0;268.190404022792
1237662335184994388;-99.0;-99.0;206.69451520227918
1237667322188136589;-99.0;-99.0;90.5356140968661
1237665532782903533;-99.0;-99.0;254.95170573504274
1237667322725335064;-99.0;-99.0;257.94108921937317
1237665352394473686;-99.0;-99.0;131.10581852706554
1237662303525012020;-99.0;-99.0;152.88561248433047
1237662306737520647;-99.0;-99.0;179.36300905982904
1237665428633812997;-99.0;-99.0;151.6044481339031
1237665127485866163;-99.0;-99.0;299.79245799999995
1237665430243967166;-99.0;-99.0;76.01575145868945
1237667324330770437;-99.0;-99.0;123.41883242450142
1237662698644701220;-99.0;-99.0;271.60684229059825
1237665372796485951;-99.0;-99.0;79.43218972649571
1237655503501001319;-99.0;-99.0;120.00239415669515
1237667254545743974;-99.0;-99.0;125.55410634188033
1237667210527506522;-99.0;-99.0;357.01779898575495
1237664668964618357;-99.0;-99.0;97.79554541595441
1237664853111865609;-99.0;-99.0;248.54588398290596
1237662336793509974;-99.0;-99.0;232.3178022108262
1237661465452741166;-99.0;-99.0;222.0684874074074
1237660635447230789;-99.0;-99.0;78.15102537606836
1237662697567944825;-99.0;-99.0;347.6225937492877
1237662618649362435;-99.0;-99.0;292.5325266809117
1237665329849958421;-99.0;-99.0;342.4979363475783
1237665329855660169;-99.0;-99.0;128.54348982621082
1237661463840096319;-99.0;-99.0;319.8640328233618
1237674289144266866;-99.0;-99.0;263.0657466210826
1237665331459981350;-99.0;-99.0;138.79280462962961
1237665126937657451;-99.0;-99.0;378.3705381595441
1237665331460964523;-99.0;-99.0;104.20136716809117
1237664853644738712;-99.0;-99.0;59.787669686609675
1237662475304239396;-99.0;-99.0;143.49040724786323
1237660960791986465;-99.0;-99.0;268.190404022792
1237665023835373604;-99.0;-99.0;383.0681407777777
1237664852031766603;-99.0;-99.0;108.47191500284899
1237662307268690041;-99.0;-99.0;577.3780672592591
1237655501887504465;-99.0;-99.0;412.96197562108256
1237665024365559846;-99.0;-99.0;304.9171154017094
1237664871897563327;-99.0;-99.0;260.5034179202279
1237667447801380886;-99.0;-99.0;61.068834037037036
1237661465987121236;-99.0;-99.0;313.45821107122504
1237661382235848903;-99.0;-99.0;67.047601005698
1237662303519834240;-99.0;-99.0;127.68938025925925
1237664853641724129;-99.0;-99.0;419.3677973732193
1237665025981546562;-99.0;-99.0;137.51164027920225
1237664667898871925;-99.0;-99.0;223.34965175783475
1237658203420753983;-99.0;-99.0;323.28047109116807
1237664673793245248;-99.0;-99.0;101.21198368376066
1237664672717144198;-99.0;-99.0;187.47704994586894
1237662473690742882;-99.0;-99.0;287.40786927920226
1237664818747932793;-99.0;-99.0;100.7849289002849
1237662302444323025;-99.0;-99.0;291.2513623304843
1237659131681505473;-99.0;-99.0;175.519516008547
1237660764307456029;-99.0;-99.0;226.766090025641
1237661137959387282;-99.0;-99.0;223.77670654131052
1237657594076659965;-99.0;-99.0;349.75786766666664
1237654652024979817;-99.0;-99.0;93.52499758119657
1237662226223726665;-99.0;-99.0;275.4503353418803
1237662236934799524;-99.0;-99.0;44.84075226495726
1237662225685086346;-99.0;-99.0;336.5191693789173
1237664667371503713;-99.0;-99.0;285.27259536182333
1237659161738870899;-99.0;-99.0;244.27533614814814
1237654390566224035;-99.0;-99.0;409.54553735327636
1237673703966310459;-99.0;-99.0;331.39451197720797
1237661137425727610;-99.0;-99.0;131.10581852706554
1237673703966638434;-99.0;-99.0;206.2674604188034
1237653587407536295;-99.0;-99.0;279.72088317663815
1237659326566301864;-99.0;-99.0;118.294175022792
1237664668442624111;-99.0;-99.0;340.78971721367515
1237664668445638677;-99.0;-99.0;273.74211620797723
1237661383314964554;-99.0;-99.0;367.2671137891737
1237654953206677589;-99.0;-99.0;222.92259697435898
1237660343400398852;-99.0;-99.0;199.86163866666666
1237662195608256724;-99.0;-99.0;403.9938251680912
1237657609110224917;-99.0;-99.0;240.0047883133903
1237661872930750481;-99.0;-99.0;390.32807209686604
1237663787413143779;-99.0;-99.0;184.06061167806266
1237661966353104935;-99.0;-99.0;304.4900606182336
1237659325491249243;-99.0;-99.0;263.91985618803415
1237661386003382483;-99.0;-99.0;146.05273594871795
1237661435931328556;-99.0;-99.0;69.18287492307691
1237657595689369697;-99.0;-99.0;104.20136716809117
1237655502420246665;-99.0;-99.0;262.6386918376068
1237661210973765773;-99.0;-99.0;120.42944894017093
1237657400807325700;-99.0;-99.0;126.4082159088319
1237660345011798150;-99.0;-99.0;306.6253345356125
1237661967431696463;-99.0;-99.0;102.9202028176638
1237662195062276160;-99.0;-99.0;222.49554219088319
1237661851475705943;-99.0;-99.0;159.718489019943
1237662301902602292;-99.0;-99.0;382.64108599430193
1237657608575254633;-99.0;-99.0;350.61197723361823
1237661849856901191;-99.0;-99.0;374.5270451082621
1237661851463909489;-99.0;-99.0;90.5356140968661
1237661871869460505;-99.0;-99.0;166.12431077207975
1237661852549709864;-99.0;-99.0;232.3178022108262
1237661212583002226;-99.0;-99.0;340.78971721367515
1237658203428552764;-99.0;-99.0;296.37601973219375
1237661851471577206;-99.0;-99.0;229.7554735099715
1237659119864971449;-99.0;-99.0;281.0020475270655
1237661852007727118;-99.0;-99.0;172.9571873076923
1237657775010676973;-99.0;-99.0;423.6383452079771
1237661355937169476;-99.0;-99.0;131.10581852706554
1237651496831549633;-99.0;-99.0;233.59896656125352
1237654390570156093;-99.0;-99.0;195.16403604843302
1237662300825190566;-99.0;-99.0;311.74999193732185
1237661957225512997;-99.0;-99.0;56.37123141880342
1237663788490031471;-99.0;-99.0;348.4767033162393
1237657771780669569;-99.0;-99.0;333.1027311111111
1237658205043884241;-99.0;-99.0;311.74999193732185
1237663915727978656;-99.0;-99.0;93.95205236467237
1237663787954405708;-99.0;-99.0;266.90923967236466
1237657634873081867;-99.0;-99.0;260.5034179202279
1237657855533514860;-99.0;-99.0;111.88835327065526
1237657629523837050;-99.0;-99.0;291.6784171139601
1237654381440532663;-99.0;-99.0;66.62054622222222
1237659149386973358;-99.0;-99.0;318.5828684729344
1237651190821617882;-99.0;-99.0;275.4503353418803
1237651538725371973;-99.0;-99.0;271.17978750712246
1237651192432164959;-99.0;-99.0;197.72636474928774
1237658801497505814;-99.0;-99.0;421.50307129059826
1237658916383096944;-99.0;-99.0;364.70478508831906
1237663546903035951;-99.0;-99.0;135.37636636182333
1237663915730337918;-99.0;-99.0;181.92533776068373
1237651251487375398;-99.0;-99.0;162.2808177207977
1237668602071023897;-99.0;-99.0;166.12431077207975
1237663547977236488;-99.0;-99.0;225.05787089173785
1237659327092818040;-99.0;-99.0;314.7393754216524
1237657610729750552;-99.0;-99.0;278.43971882621076
1237663786884661411;-99.0;-99.0;199.0075290997151
1237659325478535302;-99.0;-99.0;298.0842388660968
1237655370905944123;-99.0;-99.0;172.5301325242165
1237651213360627946;-99.0;-99.0;281.8561570940171
1237658311865335903;-99.0;-99.0;268.6174588062678
1237655369292251170;-99.0;-99.0;307.90649888603986
1237651251491831976;-99.0;-99.0;102.49314803418802
1237651225707937909;-99.0;-99.0;43.986642698005696
1237655369291399293;-99.0;-99.0;304.4900606182336
1237671766932389975;-99.0;-99.0;385.2034146951567
1237651224095948971;-99.0;-99.0;143.06335246438746
1237666300021047340;-99.0;-99.0;223.77670654131052
1237671940342088018;-99.0;-99.0;354.45547028490023
1237651067886502124;-99.0;-99.0;331.39451197720797
1237663916273303567;-99.0;-99.0;160.1455438034188
1237654400766443548;-99.0;-99.0;202.42396736752133
1237661358075281476;-99.0;-99.0;134.095202011396
1237661818171490350;-99.0;-99.0;292.5325266809117
1237668270821933209;-99.0;-99.0;279.72088317663815
1237662198827843743;-99.0;-99.0;161.85376293732193
1237655368746860686;-99.0;-99.0;193.0287621310541
1237654653106847823;-99.0;-99.0;286.1267049287749
1237657855537446938;-99.0;-99.0;354.45547028490023
1237661850387873820;-99.0;-99.0;322.4263615242165
1237667910068994207;-99.0;-99.0;328.40512849287745
1237662530597355680;-99.0;-99.0;306.1982797521367
1237668365848936614;-99.0;-99.0;210.96506303703703
1237661069245874265;-99.0;-99.0;279.72088317663815
1237658493894262914;-99.0;-99.0;280.14793796011395
1237660615584317475;-99.0;-99.0;318.5828684729344
1237661970641649791;-99.0;-99.0;327.5510189259259
1237654602625712178;-99.0;-99.0;217.79793957264954
1237668294444843013;-99.0;-99.0;329.25923805982904
1237661967425142822;-99.0;-99.0;402.7126608176638
1237655126619193470;-99.0;-99.0;289.5431431965812
1237667253478424610;-99.0;-99.0;270.32567794017086
1237664818753175612;-99.0;-99.0;271.60684229059825
1237655474508792204;-99.0;-99.0;449.68868699999996
1237663542610821225;-99.0;-99.0;423.2112904245014
1237663917885423918;-99.0;-99.0;62.34999838746438
1237650369943568424;-99.0;-99.0;328.83218327635325
1237654670281605143;-99.0;-99.0;294.2407458148148
1237655470213103633;-99.0;-99.0;52.52773836752136
1237654880207765745;-99.0;-99.0;322.4263615242165
1237654880200622294;-99.0;-99.0;231.46369264387462
1237655129303548029;-99.0;-99.0;263.0657466210826
1237651252018151485;-99.0;-99.0;272.88800664102564
1237653612111003691;-99.0;-99.0;314.31232063817663
1237651297112555630;-99.0;-99.0;54.66301228490028
1237654876435972220;-99.0;-99.0;208.40273433618233
1237666407361478699;-99.0;-99.0;293.813691031339
1237666407919976491;-99.0;-99.0;1031.3373020940169
1237673705042149479;-99.0;-99.0;176.37362557549858
1237651251483050044;-99.0;-99.0;170.39485860683757
1237654600492908589;-99.0;-99.0;263.49280140455835
1237654601570451467;-99.0;-99.0;110.18013413675213
1237654626785361992;-99.0;-99.0;147.76095508262108
1237654652025569470;-99.0;-99.0;172.10307774074076
1237654652034809954;-99.0;-99.0;201.9969125840456
1237655108368203784;-99.0;-99.0;194.73698126495725
1237665354549035115;-99.0;-99.0;119.14828458974358
1237655374111441015;-99.0;-99.0;263.49280140455835
1237657606426132639;-99.0;-99.0;238.29656917948716
1237654604258476253;-99.0;-99.0;267.76334923931626
1237657774461616454;-99.0;-99.0;175.519516008547
1237661959366508564;-99.0;-99.0;235.73424047863247
1237662300819161373;-99.0;-99.0;231.89074742735042
1237655692477464751;-99.0;-99.0;149.4691742165242
1237658304890011658;-99.0;-99.0;133.66814722792023
1237668703006818375;-99.0;-99.0;195.59109083190882
1237658302207623253;-99.0;-99.0;227.19314480911677
1237655473435312323;-99.0;-99.0;354.882525068376
1237655502425424003;-99.0;-99.0;132.81403766096867
1237663784204435601;-99.0;-99.0;302.78184148433047
1237653587947815102;-99.0;-99.0;209.2568439031339
1237651251504283829;-99.0;-99.0;327.1239641424501
1237654399161073766;-99.0;-99.0;321.57225195726494
1237655463776551084;-99.0;-99.0;313.88526585470083
1237651252024836118;-99.0;-99.0;158.86437945299141
1237663785280340159;-99.0;-99.0;407.4102634358974
1237651272963588139;-99.0;-99.0;170.82191339031337
1237651754017620080;-99.0;-99.0;158.43732466951565
1237654606399406205;-99.0;-99.0;290.8243075470085
1237657855536398404;-99.0;-99.0;127.26232547578347
1237657628432007196;-99.0;-99.0;96.08732628205127
1237658191612084529;-99.0;-99.0;364.27773030484326
1237658491736031253;-99.0;-99.0;428.76300260968657
1237661972251738149;-99.0;-99.0;189.61232386324787
1237658425167904780;-99.0;-99.0;204.55924128490028
1237661417665527959;-99.0;-99.0;314.31232063817663
1237660615586611276;-99.0;-99.0;342.07088156410254
1237661352170553455;-99.0;-99.0;66.62054622222222
1237658205057581061;-99.0;-99.0;306.6253345356125
1237662336255918376;-99.0;-99.0;236.588350045584
1237659324954575158;-99.0;-99.0;132.38698287749284
1237658802040995886;-99.0;-99.0;139.21985941310538
1237658801495802009;-99.0;-99.0;289.5431431965812
1237662237467345042;-99.0;-99.0;273.74211620797723
1237663237668798525;-99.0;-99.0;346.3414293988604
1237651497368092709;-99.0;-99.0;99.93081933333333
1237661126149144661;-99.0;-99.0;190.03937864672363
1237664094510907506;-99.0;-99.0;87.97328539601139
1237660635460599842;-99.0;-99.0;382.21403121082614
1237661355927994430;-99.0;-99.0;92.24383323076923
1237661433775456294;-99.0;-99.0;122.56472285754984
1237661949725048948;-99.0;-99.0;102.06609325071224
1237662194541133862;-99.0;-99.0;375.8082094586895
1237662307267838111;-99.0;-99.0;257.51403443589743
1237658205598711919;-99.0;-99.0;81.99451842735041
1237662662675595317;-99.0;-99.0;544.4948489316239
1237662263252615235;-99.0;-99.0;145.62568116524216
1237662533823430966;-99.0;-99.0;315.1664302051282
1237662226240045211;-99.0;-99.0;131.95992809401707
1237661816027938877;-99.0;-99.0;134.095202011396
1237662501074632753;-99.0;-99.0;289.5431431965812
1237662305657815184;-99.0;-99.0;96.94143584900284
1237663547969372586;-99.0;-99.0;316.0205397720798
1237662474230104292;-99.0;-99.0;250.68115790028486
1237662341090902465;-99.0;-99.0;258.36814400284896
1237661872934682807;-99.0;-99.0;530.8290958603988
1237667783349174375;-99.0;-99.0;258.36814400284896
1237667112258109612;-99.0;-99.0;152.4585577008547
1237663917883850925;-99.0;-99.0;370.68355205698003
1237651192436687028;-99.0;-99.0;321.9993067407407
1237660635993800748;-99.0;-99.0;307.90649888603986
1237668584894038139;-99.0;-99.0;271.17978750712246
1237668494703591634;-99.0;-99.0;380.50581207692306
1237658422483026028;-99.0;-99.0;185.34177602849002
1237667735039901732;-99.0;-99.0;257.08697965242163
1237661971724304408;-99.0;-99.0;563.2852594045582
1237668625702584486;-99.0;-99.0;445.84519394871796
1237671956978466903;-99.0;-99.0;188.75821429629627
1237662238549999619;-99.0;-99.0;282.7102666609686
1237668348672868373;-99.0;-99.0;328.83218327635325
1237665179524530315;-99.0;-99.0;360.0071824700854
1237668331493064805;-99.0;-99.0;479.155467059829
1237662697568403571;-99.0;-99.0;382.21403121082614
1237662529534296241;-99.0;-99.0;182.7794473276353
1237662636370100571;-99.0;-99.0;285.27259536182333
1237662533819301941;-99.0;-99.0;260.07636313675215
1237665102754021428;-99.0;-99.0;382.64108599430193
1237662268075212857;-99.0;-99.0;183.63355689458686
1237668272451092727;-99.0;-99.0;151.6044481339031
1237665566084956243;-99.0;-99.0;222.49554219088319
1237662194528682120;-99.0;-99.0;144.34451681481477
1237657776084156438;-99.0;-99.0;111.88835327065526
1237658614125232294;-99.0;-99.0;111.46129848717949
1237655368745943244;-99.0;-99.0;119.57533937321935
1237651249885282359;-99.0;-99.0;45.26780704843305
1237664296372797490;-99.0;-99.0;79.43218972649571
1237662641194991748;-99.0;-99.0;139.21985941310538
1237663916274221064;-99.0;-99.0;294.2407458148148
1237667255074226235;-99.0;-99.0;384.77635991168086
1237661970108645473;-99.0;-99.0;387.7657433960114
1237667441901699078;-99.0;-99.0;106.33664108547006
1237667259892891684;-99.0;-99.0;120.42944894017093
1237667442439749680;-99.0;-99.0;56.37123141880342
1237662268613198034;-99.0;-99.0;171.67602295726496
1237663783669137596;-99.0;-99.0;206.2674604188034
1237668292835147793;-99.0;-99.0;115.73184632193731
1237663916261703871;-99.0;-99.0;354.882525068376
1237668623547957488;-99.0;-99.0;314.7393754216524
1237665226237083742;-99.0;-99.0;79.8592445099715
1237668350817468499;-99.0;-99.0;91.81677844729343
1237662529534754878;-99.0;-99.0;328.40512849287745
1237668311087972614;-99.0;-99.0;152.4585577008547
1237665127489601909;-99.0;-99.0;223.77670654131052
1237665566084956244;-99.0;-99.0;227.62019959259257
1237662341093327048;-99.0;-99.0;235.73424047863247
1237671690692591743;-99.0;-99.0;144.34451681481477
1237665532783886533;-99.0;-99.0;140.92807854700854
1237665351854522458;-99.0;-99.0;64.48527230484329
1237667783361167563;-99.0;-99.0;109.75307935327635
1237662199359406095;-99.0;-99.0;137.93869506267805
1237665442071838747;-99.0;-99.0;147.33390029914528
1237664292073635910;-99.0;-99.0;51.673628800569794
1237667322722058329;-99.0;-99.0;397.5880034159544
1237664837001412613;-99.0;-99.0;183.63355689458686
1237661386010263761;-99.0;-99.0;451.82396091737894
1237661383314702392;-99.0;-99.0;590.6167655470085
1237652947992445004;-99.0;-99.0;53.38184793447294
1237672796109733939;-99.0;-99.0;115.73184632193731
1237653651839975466;-99.0;-99.0;166.97842033903135
1237653652919943247;-99.0;-99.0;105.05547673504272
1237649918968660092;-99.0;-99.0;64.05821752136751
1237653652922695981;-99.0;-99.0;54.66301228490028
1237679437739982915;-99.0;-99.0;67.90171057264956
1237653471442829323;-99.0;-99.0;134.94931157834756
1237660240313778264;-99.0;-99.0;90.1085593133903
1237652900228563111;-99.0;-99.0;160.1455438034188
1237652900236755041;-99.0;-99.0;70.03698449002849
1237652901845598266;-99.0;-99.0;87.54623061253561
1237661086415847788;-99.0;-99.0;66.19349143874642
1237673308818571363;-99.0;-99.0;84.55684712820513
1237657607498039467;-99.0;-99.0;178.0818447094017
1237657594609467729;-99.0;-99.0;60.641779253561246
1237660343925997780;-99.0;-99.0;73.02636797435898
1237660765908893968;-99.0;-99.0;108.89896978632477
1237664091822620810;-99.0;-99.0;58.50650533618233
1237667109038850256;-99.0;-99.0;67.047601005698
1237654604777455659;-99.0;-99.0;54.235957501424494
1237654383587623140;-99.0;-99.0;73.45342275783474
1237660765376413916;-99.0;-99.0;62.34999838746438
1237651538167529639;-99.0;-99.0;113.1695176210826
1237658300065644644;-99.0;-99.0;43.986642698005696
1237657773936935738;-99.0;-99.0;64.91232708831909
1237664337707139174;-99.0;-99.0;84.12979234472932
1237662225132683436;-99.0;-99.0;106.76369586894587
1237661381704024168;-99.0;-99.0;153.31266726780626
1237671932283256842;-99.0;-99.0;151.17739335042734
1237664668438823110;-99.0;-99.0;126.4082159088319
1237660635461845107;-99.0;-99.0;154.59383161823362
1237665016313806992;-99.0;-99.0;157.5832151025641
1237648720152625168;-99.0;-99.0;104.62842195156695
1237650762386833444;-99.0;-99.0;191.74759778062676
1237674648851447906;-99.0;-99.0;182.35239254415953
1237674475438997692;-99.0;-99.0;45.26780704843305
1237665024900661393;-99.0;-99.0;90.1085593133903
1237674649388843146;-99.0;-99.0;95.66027149857548
1237648722301419653;-99.0;-99.0;83.27568277777777
1237665226766483567;-99.0;-99.0;43.986642698005696
1237661849857949804;-99.0;-99.0;158.86437945299141
1237657630066081909;-99.0;-99.0;48.25719053276352
1237662226215141396;-99.0;-99.0;98.22260019943019
1237661972259733658;-99.0;-99.0;102.49314803418802
1237662226216976438;-99.0;-99.0;72.17225840740738
1237664672714391590;-99.0;-99.0;99.50376454985755
1237648720164421639;-99.0;-99.0;77.29691580911681
1237658203977941175;-99.0;-99.0;146.4797907321937
1237648702972625038;-99.0;-99.0;104.20136716809117
1237651752944205838;-99.0;-99.0;80.28629929344729
1237665329858084899;-99.0;-99.0;72.17225840740738
1237648704048529754;-99.0;-99.0;46.12191661538461
1237665227312398486;-99.0;-99.0;70.89109405698005
1237664814988263512;-99.0;-99.0;99.50376454985755
1237662193461166177;-99.0;-99.0;78.57808015954416
1237665532785066002;-99.0;-99.0;132.38698287749284
1237661949730422942;-99.0;-99.0;238.72362396296296
1237662224078078179;-99.0;-99.0;51.24657401709401
1237661959372800038;-99.0;-99.0;55.090067068376065
1237665352391196697;-99.0;-99.0;61.49588882051281
1237654879665586207;-99.0;-99.0;117.01301067236466
1237665101139869764;-99.0;-99.0;52.95479315099714
1237654949983354964;-99.0;-99.0;192.60170734757835
1237662267537228017;-99.0;-99.0;171.24896817378914
1237655348888862972;-99.0;-99.0;49.53835488319087
1237662238560878668;-99.0;-99.0;143.91746203133903
1237662238025252907;-99.0;-99.0;111.46129848717949
1237665101146357770;-99.0;-99.0;150.32328378347577
1237665549436846221;-99.0;-99.0;70.46403927350427
1237665373870096407;-99.0;-99.0;65.33938187179487
1237662534361546788;-99.0;-99.0;71.31814884045583
1237665536542179835;-99.0;-99.0;166.97842033903135
1237668330963992815;-99.0;-99.0;43.559587914529914
1237662504295530810;-99.0;-99.0;131.95992809401707
1237665357232472097;-99.0;-99.0;138.79280462962961
1237665355622383918;-99.0;-99.0;127.68938025925925
1237662223555756089;-99.0;-99.0;63.20410795441595
1237662499475554415;-99.0;-99.0;152.88561248433047
1237680090574684306;-99.0;-99.0;51.24657401709401
1237652600102191232;-99.0;-99.0;105.90958630199428
1237662236934340746;-99.0;-99.0;149.4691742165242
1237661816025645167;-99.0;-99.0;47.83013574928774
1237662305650999364;-99.0;-99.0;76.86986102564103
1237655370352623642;-99.0;-99.0;494.52943926495726
1237662269145350186;-99.0;-99.0;427.0547834757835
1237661949708075070;-99.0;-99.0;570.9722455071226
1237661852538437650;-99.0;-99.0;457.80272788603986
1237658611444154408;-99.0;-99.0;693.1099135811965
1237654599946076253;-99.0;-99.0;807.9876503361824
1237671262809620521;-99.0;-99.0;492.3941653475783
1237667253989081166;-99.0;-99.0;480.0095766267806
1237670451057131601;-99.0;-99.0;619.229436039886
1237667916486738122;-99.0;-99.0;442.00170089743585
1237662663221510536;-99.0;-99.0;504.35169928490023
1237664093433430272;-99.0;-99.0;435.16882436182334
1237665102217609237;-99.0;-99.0;541.0784106638176
1237661125614370857;-99.0;-99.0;825.9239512421651
1237664870287736963;-99.0;-99.0;542.3595750142449
1237665370120126648;-99.0;-99.0;707.2027214358973
1237662195078987838;-99.0;-99.0;569.2640263732194
1237664336637526034;-99.0;-99.0;471.89553574074074
1237664337717100661;-99.0;-99.0;547.9112871994301
1237657595151188196;-99.0;-99.0;711.9003240541309
1237661137426972731;-99.0;-99.0;644.852723048433
1237658611977683015;-99.0;-99.0;548.7653967663817
1237654653640638515;-99.0;-99.0;626.9164221424501
1237651190818472032;-99.0;-99.0;542.7866297977207
1237651190281797748;-99.0;-99.0;564.9934785384614
1237660637073571867;-99.0;-99.0;493.2482749145299
1237658204507340929;-99.0;-99.0;567.1287524558404
1237658611985023015;-99.0;-99.0;513.3198497378917
1237658613057323198;-99.0;-99.0;820.7992938404558
1237663529723953322;-99.0;-99.0;1031.7643568774927
1237654383591948310;-99.0;-99.0;808.414705119658
1237651192437473752;-99.0;-99.0;481.7177957606837
1237655368748564562;-99.0;-99.0;478.3013574928774
1237660670351245396;-99.0;-99.0;593.6061490313391
1237652899697983542;-99.0;-99.0;593.6061490313391
1237671991877763157;-99.0;-99.0;497.0917679658119
1237650369945927732;-99.0;-99.0;874.6081965584045
1237651297112948762;10.814;0.0;54.235957501424494
1237648721764089867;11.115;0.0;209.68389868660964
1237651821636485128;11.124;0.0;140.50102376353274
1237661068179472557;11.08;0.0;400.5773869002848
1237655472894443666;11.035;0.0;301.92773191737894
1237661433234849936;11.154000000000002;0.0;283.1373214444444
1237651225708265638;11.272;0.0;284.84554057834754
1237662685756784886;11.739;0.0;552.181835034188
